<component name="libraryTable">
  <library name="junit-jupiter-api-5.3.1">
    <CLASSES>
      <root url="jar://$USER_HOME$/Downloads/junit-jupiter-api-5.3.1.jar!/" />
      <root url="jar://$USER_HOME$/Downloads/junit-platform-commons-1.3.1.jar!/" />
      <root url="jar://$USER_HOME$/Downloads/opentest4j-1.1.1.jar!/" />
      <root url="jar://$USER_HOME$/Downloads/apiguardian-api-1.0.0.jar!/" />
    </CLASSES>
    <JAVADOC />
    <SOURCES />
  </library>
</component>